d:\juancortez\c++\blackjack\debug\vc140.pdb
d:\juancortez\c++\blackjack\debug\vc140.idb
d:\juancortez\c++\blackjack\debug\card.obj
d:\juancortez\c++\blackjack\debug\dealer.obj
d:\juancortez\c++\blackjack\debug\deck.obj
d:\juancortez\c++\blackjack\debug\game.obj
d:\juancortez\c++\blackjack\debug\hand.obj
d:\juancortez\c++\blackjack\debug\main.obj
d:\juancortez\c++\blackjack\debug\player.obj
d:\juancortez\c++\blackjack\debug\blackjack.pdb
d:\juancortez\c++\blackjack\debug\blackjack.tlog\cl.command.1.tlog
d:\juancortez\c++\blackjack\debug\blackjack.tlog\cl.read.1.tlog
d:\juancortez\c++\blackjack\debug\blackjack.tlog\cl.write.1.tlog
d:\juancortez\c++\blackjack\debug\blackjack.tlog\link-cvtres.read.1.tlog
d:\juancortez\c++\blackjack\debug\blackjack.tlog\link-cvtres.write.1.tlog
d:\juancortez\c++\blackjack\debug\blackjack.tlog\link-rc.read.1.tlog
d:\juancortez\c++\blackjack\debug\blackjack.tlog\link-rc.write.1.tlog
d:\juancortez\c++\blackjack\debug\blackjack.tlog\link.command.1.tlog
d:\juancortez\c++\blackjack\debug\blackjack.tlog\link.read.1.tlog
d:\juancortez\c++\blackjack\debug\blackjack.tlog\link.write.1.tlog
